<?xml version="1.0" encoding="UTF-8"?>
<testsuite name="com.cs490.iothub.IothubApplicationTests" tests="1" skipped="0" failures="0" errors="0" timestamp="2022-02-03T04:23:07" hostname="DESKTOP-HK42K3G" time="4.264">
  <properties/>
  <testcase name="contextLoads()" classname="com.cs490.iothub.IothubApplicationTests" time="4.264"/>
  <system-out><![CDATA[22:22:40.430 [Test worker] DEBUG org.springframework.test.context.BootstrapUtils - Instantiating CacheAwareContextLoaderDelegate from class [org.springframework.test.context.cache.DefaultCacheAwareContextLoaderDelegate]
22:22:40.525 [Test worker] DEBUG org.springframework.test.context.BootstrapUtils - Instantiating BootstrapContext using constructor [public org.springframework.test.context.support.DefaultBootstrapContext(java.lang.Class,org.springframework.test.context.CacheAwareContextLoaderDelegate)]
22:22:40.691 [Test worker] DEBUG org.springframework.test.context.BootstrapUtils - Instantiating TestContextBootstrapper for test class [com.cs490.iothub.IothubApplicationTests] from class [org.springframework.boot.test.context.SpringBootTestContextBootstrapper]
22:22:40.720 [Test worker] INFO org.springframework.boot.test.context.SpringBootTestContextBootstrapper - Neither @ContextConfiguration nor @ContextHierarchy found for test class [com.cs490.iothub.IothubApplicationTests], using SpringBootContextLoader
22:22:40.733 [Test worker] DEBUG org.springframework.test.context.support.AbstractContextLoader - Did not detect default resource location for test class [com.cs490.iothub.IothubApplicationTests]: class path resource [com/cs490/iothub/IothubApplicationTests-context.xml] does not exist
22:22:40.746 [Test worker] DEBUG org.springframework.test.context.support.AbstractContextLoader - Did not detect default resource location for test class [com.cs490.iothub.IothubApplicationTests]: class path resource [com/cs490/iothub/IothubApplicationTestsContext.groovy] does not exist
22:22:40.824 [Test worker] INFO org.springframework.test.context.support.AbstractContextLoader - Could not detect default resource locations for test class [com.cs490.iothub.IothubApplicationTests]: no resource found for suffixes {-context.xml, Context.groovy}.
22:22:40.828 [Test worker] INFO org.springframework.test.context.support.AnnotationConfigContextLoaderUtils - Could not detect default configuration classes for test class [com.cs490.iothub.IothubApplicationTests]: IothubApplicationTests does not declare any static, non-private, non-final, nested classes annotated with @Configuration.
22:22:41.048 [Test worker] DEBUG org.springframework.test.context.support.ActiveProfilesUtils - Could not find an 'annotation declaring class' for annotation type [org.springframework.test.context.ActiveProfiles] and class [com.cs490.iothub.IothubApplicationTests]
22:22:41.711 [Test worker] DEBUG org.springframework.context.annotation.ClassPathScanningCandidateComponentProvider - Identified candidate component class: file [C:\Users\Rousol Al Goboori\Desktop\FinalProject\temprepo\build\classes\java\main\com\cs490\iothub\IothubApplication.class]
22:22:41.715 [Test worker] INFO org.springframework.boot.test.context.SpringBootTestContextBootstrapper - Found @SpringBootConfiguration com.cs490.iothub.IothubApplication for test class com.cs490.iothub.IothubApplicationTests
22:22:42.749 [Test worker] DEBUG org.springframework.boot.test.context.SpringBootTestContextBootstrapper - @TestExecutionListeners is not present for class [com.cs490.iothub.IothubApplicationTests]: using defaults.
22:22:42.751 [Test worker] INFO org.springframework.boot.test.context.SpringBootTestContextBootstrapper - Loaded default TestExecutionListener class names from location [META-INF/spring.factories]: [org.springframework.boot.test.autoconfigure.restdocs.RestDocsTestExecutionListener, org.springframework.boot.test.autoconfigure.web.client.MockRestServiceServerResetTestExecutionListener, org.springframework.boot.test.autoconfigure.web.servlet.MockMvcPrintOnlyOnFailureTestExecutionListener, org.springframework.boot.test.autoconfigure.web.servlet.WebDriverTestExecutionListener, org.springframework.boot.test.autoconfigure.webservices.client.MockWebServiceServerTestExecutionListener, org.springframework.boot.test.mock.mockito.MockitoTestExecutionListener, org.springframework.boot.test.mock.mockito.ResetMocksTestExecutionListener, org.springframework.test.context.web.ServletTestExecutionListener, org.springframework.test.context.support.DirtiesContextBeforeModesTestExecutionListener, org.springframework.test.context.event.ApplicationEventsTestExecutionListener, org.springframework.test.context.support.DependencyInjectionTestExecutionListener, org.springframework.test.context.support.DirtiesContextTestExecutionListener, org.springframework.test.context.transaction.TransactionalTestExecutionListener, org.springframework.test.context.jdbc.SqlScriptsTestExecutionListener, org.springframework.test.context.event.EventPublishingTestExecutionListener]
22:22:42.999 [Test worker] INFO org.springframework.boot.test.context.SpringBootTestContextBootstrapper - Using TestExecutionListeners: [org.springframework.test.context.web.ServletTestExecutionListener@20b5f2ac, org.springframework.test.context.support.DirtiesContextBeforeModesTestExecutionListener@7fc44dec, org.springframework.test.context.event.ApplicationEventsTestExecutionListener@7e3060d8, org.springframework.boot.test.mock.mockito.MockitoTestExecutionListener@293d0107, org.springframework.boot.test.autoconfigure.SpringBootDependencyInjectionTestExecutionListener@2692b61e, org.springframework.test.context.support.DirtiesContextTestExecutionListener@7b64240d, org.springframework.test.context.transaction.TransactionalTestExecutionListener@62fad19, org.springframework.test.context.jdbc.SqlScriptsTestExecutionListener@47dbb1e2, org.springframework.test.context.event.EventPublishingTestExecutionListener@74cadd41, org.springframework.boot.test.autoconfigure.restdocs.RestDocsTestExecutionListener@2e54db99, org.springframework.boot.test.autoconfigure.web.client.MockRestServiceServerResetTestExecutionListener@55e8ec2f, org.springframework.boot.test.autoconfigure.web.servlet.MockMvcPrintOnlyOnFailureTestExecutionListener@4f2613d1, org.springframework.boot.test.autoconfigure.web.servlet.WebDriverTestExecutionListener@6d24ffa1, org.springframework.boot.test.autoconfigure.webservices.client.MockWebServiceServerTestExecutionListener@65a4798f, org.springframework.boot.test.mock.mockito.ResetMocksTestExecutionListener@773f7880]
22:22:43.012 [Test worker] DEBUG org.springframework.test.context.support.AbstractDirtiesContextTestExecutionListener - Before test class: context [DefaultTestContext@1c55f277 testClass = IothubApplicationTests, testInstance = [null], testMethod = [null], testException = [null], mergedContextConfiguration = [WebMergedContextConfiguration@5ddabb18 testClass = IothubApplicationTests, locations = '{}', classes = '{class com.cs490.iothub.IothubApplication}', contextInitializerClasses = '[]', activeProfiles = '{}', propertySourceLocations = '{}', propertySourceProperties = '{org.springframework.boot.test.context.SpringBootTestContextBootstrapper=true}', contextCustomizers = set[org.springframework.boot.test.autoconfigure.actuate.metrics.MetricsExportContextCustomizerFactory$DisableMetricExportContextCustomizer@4b23c30a, org.springframework.boot.test.autoconfigure.properties.PropertyMappingContextCustomizer@0, org.springframework.boot.test.autoconfigure.web.servlet.WebDriverContextCustomizerFactory$Customizer@c94fd30, org.springframework.boot.test.context.filter.ExcludeFilterContextCustomizer@76a2ddf3, org.springframework.boot.test.json.DuplicateJsonObjectContextCustomizerFactory$DuplicateJsonObjectContextCustomizer@49ff7d8c, org.springframework.boot.test.mock.mockito.MockitoContextCustomizer@0, org.springframework.boot.test.web.client.TestRestTemplateContextCustomizer@38aa816f, org.springframework.boot.test.context.SpringBootTestArgs@1, org.springframework.boot.test.context.SpringBootTestWebEnvironment@346d61be], resourceBasePath = 'src/main/webapp', contextLoader = 'org.springframework.boot.test.context.SpringBootContextLoader', parent = [null]], attributes = map['org.springframework.test.context.web.ServletTestExecutionListener.activateListener' -> true]], class annotated with @DirtiesContext [false] with mode [null].
22:22:43.279 [Test worker] DEBUG org.springframework.test.context.support.TestPropertySourceUtils - Adding inlined properties to environment: {spring.jmx.enabled=false, org.springframework.boot.test.context.SpringBootTestContextBootstrapper=true}

  .   ____          _            __ _ _
 /\\ / ___'_ __ _ _(_)_ __  __ _ \ \ \ \
( ( )\___ | '_ | '_| | '_ \/ _` | \ \ \ \
 \\/  ___)| |_)| | | | | || (_| |  ) ) ) )
  '  |____| .__|_| |_|_| |_\__, | / / / /
 =========|_|==============|___/=/_/_/_/
 :: Spring Boot ::                (v2.5.6)

2022-02-02 22:22:45.593  INFO 5016 --- [    Test worker] com.cs490.iothub.IothubApplicationTests  : Starting IothubApplicationTests using Java 16.0.2 on DESKTOP-HK42K3G with PID 5016 (started by Rousol Al Goboori in C:\Users\Rousol Al Goboori\Desktop\FinalProject\temprepo)
2022-02-02 22:22:45.633  INFO 5016 --- [    Test worker] com.cs490.iothub.IothubApplicationTests  : No active profile set, falling back to default profiles: default
2022-02-02 22:22:50.102  INFO 5016 --- [    Test worker] .s.d.r.c.RepositoryConfigurationDelegate : Bootstrapping Spring Data MongoDB repositories in DEFAULT mode.
2022-02-02 22:22:50.350  INFO 5016 --- [    Test worker] .s.d.r.c.RepositoryConfigurationDelegate : Finished Spring Data repository scanning in 207 ms. Found 3 MongoDB repository interfaces.
2022-02-02 22:22:53.015  INFO 5016 --- [    Test worker] org.mongodb.driver.cluster               : Cluster created with settings {hosts=[localhost:27017], mode=SINGLE, requiredClusterType=UNKNOWN, serverSelectionTimeout='30000 ms'}
2022-02-02 22:22:53.558  INFO 5016 --- [localhost:27017] org.mongodb.driver.connection            : Opened connection [connectionId{localValue:2, serverValue:41}] to localhost:27017
2022-02-02 22:22:53.559  INFO 5016 --- [localhost:27017] org.mongodb.driver.cluster               : Monitor thread successfully connected to server with description ServerDescription{address=localhost:27017, type=STANDALONE, state=CONNECTED, ok=true, minWireVersion=0, maxWireVersion=13, maxDocumentSize=16777216, logicalSessionTimeoutMinutes=30, roundTripTimeNanos=80502700}
2022-02-02 22:22:53.559  INFO 5016 --- [localhost:27017] org.mongodb.driver.connection            : Opened connection [connectionId{localValue:1, serverValue:42}] to localhost:27017
2022-02-02 22:23:07.588  INFO 5016 --- [    Test worker] com.cs490.iothub.IothubApplicationTests  : Started IothubApplicationTests in 24.292 seconds (JVM running for 45.625)
]]></system-out>
  <system-err><![CDATA[]]></system-err>
</testsuite>
